Added Component: Designator=S25_C1(PCBComponent_1)
Added Component: Designator=S25_C2(PCBComponent_1)
Added Component: Designator=S25_D1(SMB)
Added Component: Designator=S25_D2(SMB)
Added Component: Designator=S25_D3(SMB)
Added Component: Designator=S26_C1(PCBComponent_1)
Added Component: Designator=S26_C2(PCBComponent_1)
Added Component: Designator=S26_D1(SMB)
Added Component: Designator=S26_D2(SMB)
Added Component: Designator=S26_D3(SMB)
Added Component: Designator=S27_C1(PCBComponent_1)
Added Component: Designator=S27_C2(PCBComponent_1)
Added Component: Designator=S27_D1(SMB)
Added Component: Designator=S27_D2(SMB)
Added Component: Designator=S27_D3(SMB)
Added Component: Designator=S28_C1(PCBComponent_1)
Added Component: Designator=S28_C2(PCBComponent_1)
Added Component: Designator=S28_D1(SMB)
Added Component: Designator=S28_D2(SMB)
Added Component: Designator=S28_D3(SMB)
Added Component: Designator=S29_C1(PCBComponent_1)
Added Component: Designator=S29_C2(PCBComponent_1)
Added Component: Designator=S29_D1(SMB)
Added Component: Designator=S29_D2(SMB)
Added Component: Designator=S29_D3(SMB)
Added Component: Designator=S30_C1(PCBComponent_1)
Added Component: Designator=S30_C2(PCBComponent_1)
Added Component: Designator=S30_D1(SMB)
Added Component: Designator=S30_D2(SMB)
Added Component: Designator=S30_D3(SMB)
Added Component: Designator=S31_C1(PCBComponent_1)
Added Component: Designator=S31_C2(PCBComponent_1)
Added Component: Designator=S31_D1(SMB)
Added Component: Designator=S31_D2(SMB)
Added Component: Designator=S31_D3(SMB)
Added Component: Designator=S32_C1(PCBComponent_1)
Added Component: Designator=S32_C2(PCBComponent_1)
Added Component: Designator=S32_D1(SMB)
Added Component: Designator=S32_D2(SMB)
Added Component: Designator=S32_D3(SMB)
Added Pin To Net: NetName=GND Pin=S25_C1-2
Added Pin To Net: NetName=GND Pin=S25_D1-1
Added Pin To Net: NetName=POSITIVE Pin=S25_D3-2
Added Pin To Net: NetName=GND Pin=S26_C1-2
Added Pin To Net: NetName=GND Pin=S26_D1-1
Added Pin To Net: NetName=POSITIVE Pin=S26_D3-2
Added Pin To Net: NetName=GND Pin=S27_C1-2
Added Pin To Net: NetName=GND Pin=S27_D1-1
Added Pin To Net: NetName=POSITIVE Pin=S27_D3-2
Added Pin To Net: NetName=GND Pin=S28_C1-2
Added Pin To Net: NetName=GND Pin=S28_D1-1
Added Pin To Net: NetName=POSITIVE Pin=S28_D3-2
Added Pin To Net: NetName=GND Pin=S29_C1-2
Added Pin To Net: NetName=GND Pin=S29_D1-1
Added Pin To Net: NetName=POSITIVE Pin=S29_D3-2
Added Pin To Net: NetName=GND Pin=S30_C1-2
Added Pin To Net: NetName=GND Pin=S30_D1-1
Added Pin To Net: NetName=POSITIVE Pin=S30_D3-2
Added Pin To Net: NetName=GND Pin=S31_C1-2
Added Pin To Net: NetName=GND Pin=S31_D1-1
Added Pin To Net: NetName=POSITIVE Pin=S31_D3-2
Added Pin To Net: NetName=GND Pin=S32_C1-2
Added Pin To Net: NetName=GND Pin=S32_D1-1
Added Pin To Net: NetName=POSITIVE Pin=S32_D3-2
Change Net Name : Old Net Name=POSITIVE New Net Name=POWER
Added Pin To Net: NetName=NetS25_C1_1 Pin=S25_C1-1
Added Pin To Net: NetName=NetS25_C1_1 Pin=S25_C2-2
Added Pin To Net: NetName=NetS25_C1_1 Pin=S25_D1-2
Added Pin To Net: NetName=NetS25_C1_1 Pin=S25_D2-1
Added Net: Name=NetS25_C1_1
Added Pin To Net: NetName=NetS25_C2_1 Pin=S25_C2-1
Added Pin To Net: NetName=NetS25_C2_1 Pin=S25_D2-2
Added Pin To Net: NetName=NetS25_C2_1 Pin=S25_D3-1
Added Net: Name=NetS25_C2_1
Added Pin To Net: NetName=NetS26_C1_1 Pin=S26_C1-1
Added Pin To Net: NetName=NetS26_C1_1 Pin=S26_C2-2
Added Pin To Net: NetName=NetS26_C1_1 Pin=S26_D1-2
Added Pin To Net: NetName=NetS26_C1_1 Pin=S26_D2-1
Added Net: Name=NetS26_C1_1
Added Pin To Net: NetName=NetS26_C2_1 Pin=S26_C2-1
Added Pin To Net: NetName=NetS26_C2_1 Pin=S26_D2-2
Added Pin To Net: NetName=NetS26_C2_1 Pin=S26_D3-1
Added Net: Name=NetS26_C2_1
Added Pin To Net: NetName=NetS27_C1_1 Pin=S27_C1-1
Added Pin To Net: NetName=NetS27_C1_1 Pin=S27_C2-2
Added Pin To Net: NetName=NetS27_C1_1 Pin=S27_D1-2
Added Pin To Net: NetName=NetS27_C1_1 Pin=S27_D2-1
Added Net: Name=NetS27_C1_1
Added Pin To Net: NetName=NetS27_C2_1 Pin=S27_C2-1
Added Pin To Net: NetName=NetS27_C2_1 Pin=S27_D2-2
Added Pin To Net: NetName=NetS27_C2_1 Pin=S27_D3-1
Added Net: Name=NetS27_C2_1
Added Pin To Net: NetName=NetS28_C1_1 Pin=S28_C1-1
Added Pin To Net: NetName=NetS28_C1_1 Pin=S28_C2-2
Added Pin To Net: NetName=NetS28_C1_1 Pin=S28_D1-2
Added Pin To Net: NetName=NetS28_C1_1 Pin=S28_D2-1
Added Net: Name=NetS28_C1_1
Added Pin To Net: NetName=NetS28_C2_1 Pin=S28_C2-1
Added Pin To Net: NetName=NetS28_C2_1 Pin=S28_D2-2
Added Pin To Net: NetName=NetS28_C2_1 Pin=S28_D3-1
Added Net: Name=NetS28_C2_1
Added Pin To Net: NetName=NetS29_C1_1 Pin=S29_C1-1
Added Pin To Net: NetName=NetS29_C1_1 Pin=S29_C2-2
Added Pin To Net: NetName=NetS29_C1_1 Pin=S29_D1-2
Added Pin To Net: NetName=NetS29_C1_1 Pin=S29_D2-1
Added Net: Name=NetS29_C1_1
Added Pin To Net: NetName=NetS29_C2_1 Pin=S29_C2-1
Added Pin To Net: NetName=NetS29_C2_1 Pin=S29_D2-2
Added Pin To Net: NetName=NetS29_C2_1 Pin=S29_D3-1
Added Net: Name=NetS29_C2_1
Added Pin To Net: NetName=NetS30_C1_1 Pin=S30_C1-1
Added Pin To Net: NetName=NetS30_C1_1 Pin=S30_C2-2
Added Pin To Net: NetName=NetS30_C1_1 Pin=S30_D1-2
Added Pin To Net: NetName=NetS30_C1_1 Pin=S30_D2-1
Added Net: Name=NetS30_C1_1
Added Pin To Net: NetName=NetS30_C2_1 Pin=S30_C2-1
Added Pin To Net: NetName=NetS30_C2_1 Pin=S30_D2-2
Added Pin To Net: NetName=NetS30_C2_1 Pin=S30_D3-1
Added Net: Name=NetS30_C2_1
Added Pin To Net: NetName=NetS31_C1_1 Pin=S31_C1-1
Added Pin To Net: NetName=NetS31_C1_1 Pin=S31_C2-2
Added Pin To Net: NetName=NetS31_C1_1 Pin=S31_D1-2
Added Pin To Net: NetName=NetS31_C1_1 Pin=S31_D2-1
Added Net: Name=NetS31_C1_1
Added Pin To Net: NetName=NetS31_C2_1 Pin=S31_C2-1
Added Pin To Net: NetName=NetS31_C2_1 Pin=S31_D2-2
Added Pin To Net: NetName=NetS31_C2_1 Pin=S31_D3-1
Added Net: Name=NetS31_C2_1
Added Pin To Net: NetName=NetS32_C1_1 Pin=S32_C1-1
Added Pin To Net: NetName=NetS32_C1_1 Pin=S32_C2-2
Added Pin To Net: NetName=NetS32_C1_1 Pin=S32_D1-2
Added Pin To Net: NetName=NetS32_C1_1 Pin=S32_D2-1
Added Net: Name=NetS32_C1_1
Added Pin To Net: NetName=NetS32_C2_1 Pin=S32_C2-1
Added Pin To Net: NetName=NetS32_C2_1 Pin=S32_D2-2
Added Pin To Net: NetName=NetS32_C2_1 Pin=S32_D3-1
Added Net: Name=NetS32_C2_1
Change Class Name : Old Net Name=x- New Net Name=x-Diodes on Back Side
Added Member To Class: ClassName=x-Diodes on Back Side Member=Component S2_D1 D Schottky
Added Member To Class: ClassName=x-Diodes on Back Side Member=Component S2_D2 D Schottky
Added Member To Class: ClassName=x-Diodes on Back Side Member=Component S2_D3 D Schottky
Added Member To Class: ClassName=x-Diodes on Back Side Member=Component S25_C1 TASC
Added Member To Class: ClassName=x-Diodes on Back Side Member=Component S25_C2 TASC
Added Member To Class: ClassName=x-Diodes on Back Side Member=Component S25_D1 D Schottky
Added Member To Class: ClassName=x-Diodes on Back Side Member=Component S25_D2 D Schottky
Added Member To Class: ClassName=x-Diodes on Back Side Member=Component S25_D3 D Schottky
Added Member To Class: ClassName=x-Diodes on Back Side Member=Component S26_C1 TASC
Added Member To Class: ClassName=x-Diodes on Back Side Member=Component S26_C2 TASC
Added Member To Class: ClassName=x-Diodes on Back Side Member=Component S26_D1 D Schottky
Added Member To Class: ClassName=x-Diodes on Back Side Member=Component S26_D2 D Schottky
Added Member To Class: ClassName=x-Diodes on Back Side Member=Component S26_D3 D Schottky
Added Member To Class: ClassName=x-Diodes on Back Side Member=Component S27_C1 TASC
Added Member To Class: ClassName=x-Diodes on Back Side Member=Component S27_C2 TASC
Added Member To Class: ClassName=x-Diodes on Back Side Member=Component S27_D1 D Schottky
Added Member To Class: ClassName=x-Diodes on Back Side Member=Component S27_D2 D Schottky
Added Member To Class: ClassName=x-Diodes on Back Side Member=Component S27_D3 D Schottky
Added Member To Class: ClassName=x-Diodes on Back Side Member=Component S28_C1 TASC
Added Member To Class: ClassName=x-Diodes on Back Side Member=Component S28_C2 TASC
Added Member To Class: ClassName=x-Diodes on Back Side Member=Component S28_D1 D Schottky
Added Member To Class: ClassName=x-Diodes on Back Side Member=Component S28_D2 D Schottky
Added Member To Class: ClassName=x-Diodes on Back Side Member=Component S28_D3 D Schottky
Added Member To Class: ClassName=x-Diodes on Back Side Member=Component S29_C1 TASC
Added Member To Class: ClassName=x-Diodes on Back Side Member=Component S29_C2 TASC
Added Member To Class: ClassName=x-Diodes on Back Side Member=Component S29_D1 D Schottky
Added Member To Class: ClassName=x-Diodes on Back Side Member=Component S29_D2 D Schottky
Added Member To Class: ClassName=x-Diodes on Back Side Member=Component S29_D3 D Schottky
Added Member To Class: ClassName=x-Diodes on Back Side Member=Component S30_C1 TASC
Added Member To Class: ClassName=x-Diodes on Back Side Member=Component S30_C2 TASC
Added Member To Class: ClassName=x-Diodes on Back Side Member=Component S30_D1 D Schottky
Added Member To Class: ClassName=x-Diodes on Back Side Member=Component S30_D2 D Schottky
Added Member To Class: ClassName=x-Diodes on Back Side Member=Component S30_D3 D Schottky
Added Member To Class: ClassName=x-Diodes on Back Side Member=Component S31_C1 TASC
Added Member To Class: ClassName=x-Diodes on Back Side Member=Component S31_C2 TASC
Added Member To Class: ClassName=x-Diodes on Back Side Member=Component S31_D1 D Schottky
Added Member To Class: ClassName=x-Diodes on Back Side Member=Component S31_D2 D Schottky
Added Member To Class: ClassName=x-Diodes on Back Side Member=Component S31_D3 D Schottky
Added Member To Class: ClassName=x-Diodes on Back Side Member=Component S32_C1 TASC
Added Member To Class: ClassName=x-Diodes on Back Side Member=Component S32_C2 TASC
Added Member To Class: ClassName=x-Diodes on Back Side Member=Component S32_D1 D Schottky
Added Member To Class: ClassName=x-Diodes on Back Side Member=Component S32_D2 D Schottky
Added Member To Class: ClassName=x-Diodes on Back Side Member=Component S32_D3 D Schottky
Change Room Name: Old Name=x- New Name=x-Diodes on Back Side
Change Room Scope: Old Scope=InComponentClass('x-') New Scope=InComponentClass('x-Diodes on Back Side')
