Added Component: Designator=P2(HDR1X2)
Added Component: Designator=P2(HDR1X2)
Added Component: Designator=S1_C1(PCBComponent_1)
Added Component: Designator=S1_C1(PCBComponent_1)
Added Component: Designator=S1_C2(PCBComponent_1)
Added Component: Designator=S1_C2(PCBComponent_1)
Added Component: Designator=S1_D1(SMB)
Added Component: Designator=S1_D1(SMB)
Added Component: Designator=S1_D2(SMB)
Added Component: Designator=S1_D2(SMB)
Added Component: Designator=S1_D3(SMB)
Added Component: Designator=S1_D3(SMB)
Added Component: Designator=S2_C1(PCBComponent_1)
Added Component: Designator=S2_C1(PCBComponent_1)
Added Component: Designator=S2_C2(PCBComponent_1)
Added Component: Designator=S2_C2(PCBComponent_1)
Added Component: Designator=S2_D1(SMB)
Added Component: Designator=S2_D1(SMB)
Added Component: Designator=S2_D2(SMB)
Added Component: Designator=S2_D2(SMB)
Added Component: Designator=S2_D3(SMB)
Added Component: Designator=S2_D3(SMB)
Added Component: Designator=S3_C1(PCBComponent_1)
Added Component: Designator=S3_C1(PCBComponent_1)
Added Component: Designator=S3_C2(PCBComponent_1)
Added Component: Designator=S3_C2(PCBComponent_1)
Added Component: Designator=S3_D1(SMB)
Added Component: Designator=S3_D1(SMB)
Added Component: Designator=S3_D2(SMB)
Added Component: Designator=S3_D2(SMB)
Added Component: Designator=S3_D3(SMB)
Added Component: Designator=S3_D3(SMB)
Added Component: Designator=S4_C1(PCBComponent_1)
Added Component: Designator=S4_C1(PCBComponent_1)
Added Component: Designator=S4_C2(PCBComponent_1)
Added Component: Designator=S4_C2(PCBComponent_1)
Added Component: Designator=S4_D1(SMB)
Added Component: Designator=S4_D1(SMB)
Added Component: Designator=S4_D2(SMB)
Added Component: Designator=S4_D2(SMB)
Added Component: Designator=S4_D3(SMB)
Added Component: Designator=S4_D3(SMB)
Added Component: Designator=S5_C1(PCBComponent_1)
Added Component: Designator=S5_C1(PCBComponent_1)
Added Component: Designator=S5_C2(PCBComponent_1)
Added Component: Designator=S5_C2(PCBComponent_1)
Added Component: Designator=S5_D1(SMB)
Added Component: Designator=S5_D1(SMB)
Added Component: Designator=S5_D2(SMB)
Added Component: Designator=S5_D2(SMB)
Added Component: Designator=S5_D3(SMB)
Added Component: Designator=S5_D3(SMB)
Added Component: Designator=S6_C1(PCBComponent_1)
Added Component: Designator=S6_C1(PCBComponent_1)
Added Component: Designator=S6_C2(PCBComponent_1)
Added Component: Designator=S6_C2(PCBComponent_1)
Added Component: Designator=S6_D1(SMB)
Added Component: Designator=S6_D1(SMB)
Added Component: Designator=S6_D2(SMB)
Added Component: Designator=S6_D2(SMB)
Added Component: Designator=S6_D3(SMB)
Added Component: Designator=S6_D3(SMB)
Added Component: Designator=S7_C1(PCBComponent_1)
Added Component: Designator=S7_C1(PCBComponent_1)
Added Component: Designator=S7_C2(PCBComponent_1)
Added Component: Designator=S7_C2(PCBComponent_1)
Added Component: Designator=S7_D1(SMB)
Added Component: Designator=S7_D1(SMB)
Added Component: Designator=S7_D2(SMB)
Added Component: Designator=S7_D2(SMB)
Added Component: Designator=S7_D3(SMB)
Added Component: Designator=S7_D3(SMB)
Added Component: Designator=S8_C1(PCBComponent_1)
Added Component: Designator=S8_C1(PCBComponent_1)
Added Component: Designator=S8_C2(PCBComponent_1)
Added Component: Designator=S8_C2(PCBComponent_1)
Added Component: Designator=S8_D1(SMB)
Added Component: Designator=S8_D1(SMB)
Added Component: Designator=S8_D2(SMB)
Added Component: Designator=S8_D2(SMB)
Added Component: Designator=S8_D3(SMB)
Added Component: Designator=S8_D3(SMB)
Added Component: Designator=S9_C1(PCBComponent_1)
Added Component: Designator=S9_C1(PCBComponent_1)
Added Component: Designator=S9_C2(PCBComponent_1)
Added Component: Designator=S9_C2(PCBComponent_1)
Added Component: Designator=S9_D1(SMB)
Added Component: Designator=S9_D1(SMB)
Added Component: Designator=S9_D2(SMB)
Added Component: Designator=S9_D2(SMB)
Added Component: Designator=S9_D3(SMB)
Added Component: Designator=S9_D3(SMB)
Added Component: Designator=S10_C1(PCBComponent_1)
Added Component: Designator=S10_C1(PCBComponent_1)
Added Component: Designator=S10_C2(PCBComponent_1)
Added Component: Designator=S10_C2(PCBComponent_1)
Added Component: Designator=S10_D1(SMB)
Added Component: Designator=S10_D1(SMB)
Added Component: Designator=S10_D2(SMB)
Added Component: Designator=S10_D2(SMB)
Added Component: Designator=S10_D3(SMB)
Added Component: Designator=S10_D3(SMB)
Added Component: Designator=S11_C1(PCBComponent_1)
Added Component: Designator=S11_C1(PCBComponent_1)
Added Component: Designator=S11_C2(PCBComponent_1)
Added Component: Designator=S11_C2(PCBComponent_1)
Added Component: Designator=S11_D1(SMB)
Added Component: Designator=S11_D1(SMB)
Added Component: Designator=S11_D2(SMB)
Added Component: Designator=S11_D2(SMB)
Added Component: Designator=S11_D3(SMB)
Added Component: Designator=S11_D3(SMB)
Added Component: Designator=S12_C1(PCBComponent_1)
Added Component: Designator=S12_C1(PCBComponent_1)
Added Component: Designator=S12_C2(PCBComponent_1)
Added Component: Designator=S12_C2(PCBComponent_1)
Added Component: Designator=S12_D1(SMB)
Added Component: Designator=S12_D1(SMB)
Added Component: Designator=S12_D2(SMB)
Added Component: Designator=S12_D2(SMB)
Added Component: Designator=S12_D3(SMB)
Added Component: Designator=S12_D3(SMB)
Added Component: Designator=S13_C1(PCBComponent_1)
Added Component: Designator=S13_C1(PCBComponent_1)
Added Component: Designator=S13_C2(PCBComponent_1)
Added Component: Designator=S13_C2(PCBComponent_1)
Added Component: Designator=S13_D1(SMB)
Added Component: Designator=S13_D1(SMB)
Added Component: Designator=S13_D2(SMB)
Added Component: Designator=S13_D2(SMB)
Added Component: Designator=S13_D3(SMB)
Added Component: Designator=S13_D3(SMB)
Added Component: Designator=S14_C1(PCBComponent_1)
Added Component: Designator=S14_C1(PCBComponent_1)
Added Component: Designator=S14_C2(PCBComponent_1)
Added Component: Designator=S14_C2(PCBComponent_1)
Added Component: Designator=S14_D1(SMB)
Added Component: Designator=S14_D1(SMB)
Added Component: Designator=S14_D2(SMB)
Added Component: Designator=S14_D2(SMB)
Added Component: Designator=S14_D3(SMB)
Added Component: Designator=S14_D3(SMB)
Added Component: Designator=S15_C1(PCBComponent_1)
Added Component: Designator=S15_C1(PCBComponent_1)
Added Component: Designator=S15_C2(PCBComponent_1)
Added Component: Designator=S15_C2(PCBComponent_1)
Added Component: Designator=S15_D1(SMB)
Added Component: Designator=S15_D1(SMB)
Added Component: Designator=S15_D2(SMB)
Added Component: Designator=S15_D2(SMB)
Added Component: Designator=S15_D3(SMB)
Added Component: Designator=S15_D3(SMB)
Added Component: Designator=S16_C1(PCBComponent_1)
Added Component: Designator=S16_C1(PCBComponent_1)
Added Component: Designator=S16_C2(PCBComponent_1)
Added Component: Designator=S16_C2(PCBComponent_1)
Added Component: Designator=S16_D1(SMB)
Added Component: Designator=S16_D1(SMB)
Added Component: Designator=S16_D2(SMB)
Added Component: Designator=S16_D2(SMB)
Added Component: Designator=S16_D3(SMB)
Added Component: Designator=S16_D3(SMB)
Added Component: Designator=S17_C1(PCBComponent_1)
Added Component: Designator=S17_C1(PCBComponent_1)
Added Component: Designator=S17_C2(PCBComponent_1)
Added Component: Designator=S17_C2(PCBComponent_1)
Added Component: Designator=S17_D1(SMB)
Added Component: Designator=S17_D1(SMB)
Added Component: Designator=S17_D2(SMB)
Added Component: Designator=S17_D2(SMB)
Added Component: Designator=S17_D3(SMB)
Added Component: Designator=S17_D3(SMB)
Added Component: Designator=S18_C1(PCBComponent_1)
Added Component: Designator=S18_C1(PCBComponent_1)
Added Component: Designator=S18_C2(PCBComponent_1)
Added Component: Designator=S18_C2(PCBComponent_1)
Added Component: Designator=S18_D1(SMB)
Added Component: Designator=S18_D1(SMB)
Added Component: Designator=S18_D2(SMB)
Added Component: Designator=S18_D2(SMB)
Added Component: Designator=S18_D3(SMB)
Added Component: Designator=S18_D3(SMB)
Added Component: Designator=S19_C1(PCBComponent_1)
Added Component: Designator=S19_C1(PCBComponent_1)
Added Component: Designator=S19_C2(PCBComponent_1)
Added Component: Designator=S19_C2(PCBComponent_1)
Added Component: Designator=S19_D1(SMB)
Added Component: Designator=S19_D1(SMB)
Added Component: Designator=S19_D2(SMB)
Added Component: Designator=S19_D2(SMB)
Added Component: Designator=S19_D3(SMB)
Added Component: Designator=S19_D3(SMB)
Added Component: Designator=S20_C1(PCBComponent_1)
Added Component: Designator=S20_C1(PCBComponent_1)
Added Component: Designator=S20_C2(PCBComponent_1)
Added Component: Designator=S20_C2(PCBComponent_1)
Added Component: Designator=S20_D1(SMB)
Added Component: Designator=S20_D1(SMB)
Added Component: Designator=S20_D2(SMB)
Added Component: Designator=S20_D2(SMB)
Added Component: Designator=S20_D3(SMB)
Added Component: Designator=S20_D3(SMB)
Added Component: Designator=S21_C1(PCBComponent_1)
Added Component: Designator=S21_C1(PCBComponent_1)
Added Component: Designator=S21_C2(PCBComponent_1)
Added Component: Designator=S21_C2(PCBComponent_1)
Added Component: Designator=S21_D1(SMB)
Added Component: Designator=S21_D1(SMB)
Added Component: Designator=S21_D2(SMB)
Added Component: Designator=S21_D2(SMB)
Added Component: Designator=S21_D3(SMB)
Added Component: Designator=S21_D3(SMB)
Added Pin To Net: NetName=GND Pin=P2-2
Added Pin To Net: NetName=GND Pin=P2-2
Added Pin To Net: NetName=GND Pin=S1_C1-2
Added Pin To Net: NetName=GND Pin=S1_C1-2
Added Pin To Net: NetName=GND Pin=S1_D1-1
Added Pin To Net: NetName=GND Pin=S1_D1-1
Added Pin To Net: NetName=GND Pin=S2_C1-2
Added Pin To Net: NetName=GND Pin=S2_C1-2
Added Pin To Net: NetName=GND Pin=S2_D1-1
Added Pin To Net: NetName=GND Pin=S2_D1-1
Added Pin To Net: NetName=GND Pin=S3_C1-2
Added Pin To Net: NetName=GND Pin=S3_C1-2
Added Pin To Net: NetName=GND Pin=S3_D1-1
Added Pin To Net: NetName=GND Pin=S3_D1-1
Added Pin To Net: NetName=GND Pin=S4_C1-2
Added Pin To Net: NetName=GND Pin=S4_C1-2
Added Pin To Net: NetName=GND Pin=S4_D1-1
Added Pin To Net: NetName=GND Pin=S4_D1-1
Added Pin To Net: NetName=GND Pin=S5_C1-2
Added Pin To Net: NetName=GND Pin=S5_C1-2
Added Pin To Net: NetName=GND Pin=S5_D1-1
Added Pin To Net: NetName=GND Pin=S5_D1-1
Added Pin To Net: NetName=GND Pin=S6_C1-2
Added Pin To Net: NetName=GND Pin=S6_C1-2
Added Pin To Net: NetName=GND Pin=S6_D1-1
Added Pin To Net: NetName=GND Pin=S6_D1-1
Added Pin To Net: NetName=GND Pin=S7_C1-2
Added Pin To Net: NetName=GND Pin=S7_C1-2
Added Pin To Net: NetName=GND Pin=S7_D1-1
Added Pin To Net: NetName=GND Pin=S7_D1-1
Added Pin To Net: NetName=GND Pin=S8_C1-2
Added Pin To Net: NetName=GND Pin=S8_C1-2
Added Pin To Net: NetName=GND Pin=S8_D1-1
Added Pin To Net: NetName=GND Pin=S8_D1-1
Added Pin To Net: NetName=GND Pin=S9_C1-2
Added Pin To Net: NetName=GND Pin=S9_C1-2
Added Pin To Net: NetName=GND Pin=S9_D1-1
Added Pin To Net: NetName=GND Pin=S9_D1-1
Added Pin To Net: NetName=GND Pin=S10_C1-2
Added Pin To Net: NetName=GND Pin=S10_C1-2
Added Pin To Net: NetName=GND Pin=S10_D1-1
Added Pin To Net: NetName=GND Pin=S10_D1-1
Added Pin To Net: NetName=GND Pin=S11_C1-2
Added Pin To Net: NetName=GND Pin=S11_C1-2
Added Pin To Net: NetName=GND Pin=S11_D1-1
Added Pin To Net: NetName=GND Pin=S11_D1-1
Added Pin To Net: NetName=GND Pin=S12_C1-2
Added Pin To Net: NetName=GND Pin=S12_C1-2
Added Pin To Net: NetName=GND Pin=S12_D1-1
Added Pin To Net: NetName=GND Pin=S12_D1-1
Added Pin To Net: NetName=GND Pin=S13_C1-2
Added Pin To Net: NetName=GND Pin=S13_C1-2
Added Pin To Net: NetName=GND Pin=S13_D1-1
Added Pin To Net: NetName=GND Pin=S13_D1-1
Added Pin To Net: NetName=GND Pin=S14_C1-2
Added Pin To Net: NetName=GND Pin=S14_C1-2
Added Pin To Net: NetName=GND Pin=S14_D1-1
Added Pin To Net: NetName=GND Pin=S14_D1-1
Added Pin To Net: NetName=GND Pin=S15_C1-2
Added Pin To Net: NetName=GND Pin=S15_C1-2
Added Pin To Net: NetName=GND Pin=S15_D1-1
Added Pin To Net: NetName=GND Pin=S15_D1-1
Added Pin To Net: NetName=GND Pin=S16_C1-2
Added Pin To Net: NetName=GND Pin=S16_C1-2
Added Pin To Net: NetName=GND Pin=S16_D1-1
Added Pin To Net: NetName=GND Pin=S16_D1-1
Added Pin To Net: NetName=GND Pin=S17_C1-2
Added Pin To Net: NetName=GND Pin=S17_C1-2
Added Pin To Net: NetName=GND Pin=S17_D1-1
Added Pin To Net: NetName=GND Pin=S17_D1-1
Added Pin To Net: NetName=GND Pin=S18_C1-2
Added Pin To Net: NetName=GND Pin=S18_C1-2
Added Pin To Net: NetName=GND Pin=S18_D1-1
Added Pin To Net: NetName=GND Pin=S18_D1-1
Added Pin To Net: NetName=GND Pin=S19_C1-2
Added Pin To Net: NetName=GND Pin=S19_C1-2
Added Pin To Net: NetName=GND Pin=S19_D1-1
Added Pin To Net: NetName=GND Pin=S19_D1-1
Added Pin To Net: NetName=GND Pin=S20_C1-2
Added Pin To Net: NetName=GND Pin=S20_C1-2
Added Pin To Net: NetName=GND Pin=S20_D1-1
Added Pin To Net: NetName=GND Pin=S20_D1-1
Added Pin To Net: NetName=GND Pin=S21_C1-2
Added Pin To Net: NetName=GND Pin=S21_C1-2
Added Pin To Net: NetName=GND Pin=S21_D1-1
Added Pin To Net: NetName=GND Pin=S21_D1-1
Added Net: Name=GND
Added Pin To Net: NetName=NetS1_C1_1 Pin=S1_C1-1
Added Pin To Net: NetName=NetS1_C1_1 Pin=S1_C2-2
Added Pin To Net: NetName=NetS1_C1_1 Pin=S1_D1-2
Added Pin To Net: NetName=NetS1_C1_1 Pin=S1_D2-1
Added Net: Name=NetS1_C1_1
Added Pin To Net: NetName=NetS1_C2_1 Pin=S1_C2-1
Added Pin To Net: NetName=NetS1_C2_1 Pin=S1_D2-2
Added Pin To Net: NetName=NetS1_C2_1 Pin=S1_D3-1
Added Net: Name=NetS1_C2_1
Added Pin To Net: NetName=NetS2_C1_1 Pin=S2_C1-1
Added Pin To Net: NetName=NetS2_C1_1 Pin=S2_C2-2
Added Pin To Net: NetName=NetS2_C1_1 Pin=S2_D1-2
Added Pin To Net: NetName=NetS2_C1_1 Pin=S2_D2-1
Added Net: Name=NetS2_C1_1
Added Pin To Net: NetName=NetS2_C2_1 Pin=S2_C2-1
Added Pin To Net: NetName=NetS2_C2_1 Pin=S2_D2-2
Added Pin To Net: NetName=NetS2_C2_1 Pin=S2_D3-1
Added Net: Name=NetS2_C2_1
Added Pin To Net: NetName=NetS3_C1_1 Pin=S3_C1-1
Added Pin To Net: NetName=NetS3_C1_1 Pin=S3_C2-2
Added Pin To Net: NetName=NetS3_C1_1 Pin=S3_D1-2
Added Pin To Net: NetName=NetS3_C1_1 Pin=S3_D2-1
Added Net: Name=NetS3_C1_1
Added Pin To Net: NetName=NetS3_C2_1 Pin=S3_C2-1
Added Pin To Net: NetName=NetS3_C2_1 Pin=S3_D2-2
Added Pin To Net: NetName=NetS3_C2_1 Pin=S3_D3-1
Added Net: Name=NetS3_C2_1
Added Pin To Net: NetName=NetS4_C1_1 Pin=S4_C1-1
Added Pin To Net: NetName=NetS4_C1_1 Pin=S4_C2-2
Added Pin To Net: NetName=NetS4_C1_1 Pin=S4_D1-2
Added Pin To Net: NetName=NetS4_C1_1 Pin=S4_D2-1
Added Net: Name=NetS4_C1_1
Added Pin To Net: NetName=NetS4_C2_1 Pin=S4_C2-1
Added Pin To Net: NetName=NetS4_C2_1 Pin=S4_D2-2
Added Pin To Net: NetName=NetS4_C2_1 Pin=S4_D3-1
Added Net: Name=NetS4_C2_1
Added Pin To Net: NetName=NetS5_C1_1 Pin=S5_C1-1
Added Pin To Net: NetName=NetS5_C1_1 Pin=S5_C2-2
Added Pin To Net: NetName=NetS5_C1_1 Pin=S5_D1-2
Added Pin To Net: NetName=NetS5_C1_1 Pin=S5_D2-1
Added Net: Name=NetS5_C1_1
Added Pin To Net: NetName=NetS5_C2_1 Pin=S5_C2-1
Added Pin To Net: NetName=NetS5_C2_1 Pin=S5_D2-2
Added Pin To Net: NetName=NetS5_C2_1 Pin=S5_D3-1
Added Net: Name=NetS5_C2_1
Added Pin To Net: NetName=NetS6_C1_1 Pin=S6_C1-1
Added Pin To Net: NetName=NetS6_C1_1 Pin=S6_C2-2
Added Pin To Net: NetName=NetS6_C1_1 Pin=S6_D1-2
Added Pin To Net: NetName=NetS6_C1_1 Pin=S6_D2-1
Added Net: Name=NetS6_C1_1
Added Pin To Net: NetName=NetS6_C2_1 Pin=S6_C2-1
Added Pin To Net: NetName=NetS6_C2_1 Pin=S6_D2-2
Added Pin To Net: NetName=NetS6_C2_1 Pin=S6_D3-1
Added Net: Name=NetS6_C2_1
Added Pin To Net: NetName=NetS7_C1_1 Pin=S7_C1-1
Added Pin To Net: NetName=NetS7_C1_1 Pin=S7_C2-2
Added Pin To Net: NetName=NetS7_C1_1 Pin=S7_D1-2
Added Pin To Net: NetName=NetS7_C1_1 Pin=S7_D2-1
Added Net: Name=NetS7_C1_1
Added Pin To Net: NetName=NetS7_C2_1 Pin=S7_C2-1
Added Pin To Net: NetName=NetS7_C2_1 Pin=S7_D2-2
Added Pin To Net: NetName=NetS7_C2_1 Pin=S7_D3-1
Added Net: Name=NetS7_C2_1
Added Pin To Net: NetName=NetS8_C1_1 Pin=S8_C1-1
Added Pin To Net: NetName=NetS8_C1_1 Pin=S8_C2-2
Added Pin To Net: NetName=NetS8_C1_1 Pin=S8_D1-2
Added Pin To Net: NetName=NetS8_C1_1 Pin=S8_D2-1
Added Net: Name=NetS8_C1_1
Added Pin To Net: NetName=NetS8_C2_1 Pin=S8_C2-1
Added Pin To Net: NetName=NetS8_C2_1 Pin=S8_D2-2
Added Pin To Net: NetName=NetS8_C2_1 Pin=S8_D3-1
Added Net: Name=NetS8_C2_1
Added Pin To Net: NetName=NetS9_C1_1 Pin=S9_C1-1
Added Pin To Net: NetName=NetS9_C1_1 Pin=S9_C2-2
Added Pin To Net: NetName=NetS9_C1_1 Pin=S9_D1-2
Added Pin To Net: NetName=NetS9_C1_1 Pin=S9_D2-1
Added Net: Name=NetS9_C1_1
Added Pin To Net: NetName=NetS9_C2_1 Pin=S9_C2-1
Added Pin To Net: NetName=NetS9_C2_1 Pin=S9_D2-2
Added Pin To Net: NetName=NetS9_C2_1 Pin=S9_D3-1
Added Net: Name=NetS9_C2_1
Added Pin To Net: NetName=NetS10_C1_1 Pin=S10_C1-1
Added Pin To Net: NetName=NetS10_C1_1 Pin=S10_C2-2
Added Pin To Net: NetName=NetS10_C1_1 Pin=S10_D1-2
Added Pin To Net: NetName=NetS10_C1_1 Pin=S10_D2-1
Added Net: Name=NetS10_C1_1
Added Pin To Net: NetName=NetS10_C2_1 Pin=S10_C2-1
Added Pin To Net: NetName=NetS10_C2_1 Pin=S10_D2-2
Added Pin To Net: NetName=NetS10_C2_1 Pin=S10_D3-1
Added Net: Name=NetS10_C2_1
Added Pin To Net: NetName=NetS11_C1_1 Pin=S11_C1-1
Added Pin To Net: NetName=NetS11_C1_1 Pin=S11_C2-2
Added Pin To Net: NetName=NetS11_C1_1 Pin=S11_D1-2
Added Pin To Net: NetName=NetS11_C1_1 Pin=S11_D2-1
Added Net: Name=NetS11_C1_1
Added Pin To Net: NetName=NetS11_C2_1 Pin=S11_C2-1
Added Pin To Net: NetName=NetS11_C2_1 Pin=S11_D2-2
Added Pin To Net: NetName=NetS11_C2_1 Pin=S11_D3-1
Added Net: Name=NetS11_C2_1
Added Pin To Net: NetName=NetS12_C1_1 Pin=S12_C1-1
Added Pin To Net: NetName=NetS12_C1_1 Pin=S12_C2-2
Added Pin To Net: NetName=NetS12_C1_1 Pin=S12_D1-2
Added Pin To Net: NetName=NetS12_C1_1 Pin=S12_D2-1
Added Net: Name=NetS12_C1_1
Added Pin To Net: NetName=NetS12_C2_1 Pin=S12_C2-1
Added Pin To Net: NetName=NetS12_C2_1 Pin=S12_D2-2
Added Pin To Net: NetName=NetS12_C2_1 Pin=S12_D3-1
Added Net: Name=NetS12_C2_1
Added Pin To Net: NetName=NetS13_C1_1 Pin=S13_C1-1
Added Pin To Net: NetName=NetS13_C1_1 Pin=S13_C2-2
Added Pin To Net: NetName=NetS13_C1_1 Pin=S13_D1-2
Added Pin To Net: NetName=NetS13_C1_1 Pin=S13_D2-1
Added Net: Name=NetS13_C1_1
Added Pin To Net: NetName=NetS13_C2_1 Pin=S13_C2-1
Added Pin To Net: NetName=NetS13_C2_1 Pin=S13_D2-2
Added Pin To Net: NetName=NetS13_C2_1 Pin=S13_D3-1
Added Net: Name=NetS13_C2_1
Added Pin To Net: NetName=NetS14_C1_1 Pin=S14_C1-1
Added Pin To Net: NetName=NetS14_C1_1 Pin=S14_C2-2
Added Pin To Net: NetName=NetS14_C1_1 Pin=S14_D1-2
Added Pin To Net: NetName=NetS14_C1_1 Pin=S14_D2-1
Added Net: Name=NetS14_C1_1
Added Pin To Net: NetName=NetS14_C2_1 Pin=S14_C2-1
Added Pin To Net: NetName=NetS14_C2_1 Pin=S14_D2-2
Added Pin To Net: NetName=NetS14_C2_1 Pin=S14_D3-1
Added Net: Name=NetS14_C2_1
Added Pin To Net: NetName=NetS15_C1_1 Pin=S15_C1-1
Added Pin To Net: NetName=NetS15_C1_1 Pin=S15_C2-2
Added Pin To Net: NetName=NetS15_C1_1 Pin=S15_D1-2
Added Pin To Net: NetName=NetS15_C1_1 Pin=S15_D2-1
Added Net: Name=NetS15_C1_1
Added Pin To Net: NetName=NetS15_C2_1 Pin=S15_C2-1
Added Pin To Net: NetName=NetS15_C2_1 Pin=S15_D2-2
Added Pin To Net: NetName=NetS15_C2_1 Pin=S15_D3-1
Added Net: Name=NetS15_C2_1
Added Pin To Net: NetName=NetS16_C1_1 Pin=S16_C1-1
Added Pin To Net: NetName=NetS16_C1_1 Pin=S16_C2-2
Added Pin To Net: NetName=NetS16_C1_1 Pin=S16_D1-2
Added Pin To Net: NetName=NetS16_C1_1 Pin=S16_D2-1
Added Net: Name=NetS16_C1_1
Added Pin To Net: NetName=NetS16_C2_1 Pin=S16_C2-1
Added Pin To Net: NetName=NetS16_C2_1 Pin=S16_D2-2
Added Pin To Net: NetName=NetS16_C2_1 Pin=S16_D3-1
Added Net: Name=NetS16_C2_1
Added Pin To Net: NetName=NetS17_C1_1 Pin=S17_C1-1
Added Pin To Net: NetName=NetS17_C1_1 Pin=S17_C2-2
Added Pin To Net: NetName=NetS17_C1_1 Pin=S17_D1-2
Added Pin To Net: NetName=NetS17_C1_1 Pin=S17_D2-1
Added Net: Name=NetS17_C1_1
Added Pin To Net: NetName=NetS17_C2_1 Pin=S17_C2-1
Added Pin To Net: NetName=NetS17_C2_1 Pin=S17_D2-2
Added Pin To Net: NetName=NetS17_C2_1 Pin=S17_D3-1
Added Net: Name=NetS17_C2_1
Added Pin To Net: NetName=NetS18_C1_1 Pin=S18_C1-1
Added Pin To Net: NetName=NetS18_C1_1 Pin=S18_C2-2
Added Pin To Net: NetName=NetS18_C1_1 Pin=S18_D1-2
Added Pin To Net: NetName=NetS18_C1_1 Pin=S18_D2-1
Added Net: Name=NetS18_C1_1
Added Pin To Net: NetName=NetS18_C2_1 Pin=S18_C2-1
Added Pin To Net: NetName=NetS18_C2_1 Pin=S18_D2-2
Added Pin To Net: NetName=NetS18_C2_1 Pin=S18_D3-1
Added Net: Name=NetS18_C2_1
Added Pin To Net: NetName=NetS19_C1_1 Pin=S19_C1-1
Added Pin To Net: NetName=NetS19_C1_1 Pin=S19_C2-2
Added Pin To Net: NetName=NetS19_C1_1 Pin=S19_D1-2
Added Pin To Net: NetName=NetS19_C1_1 Pin=S19_D2-1
Added Net: Name=NetS19_C1_1
Added Pin To Net: NetName=NetS19_C2_1 Pin=S19_C2-1
Added Pin To Net: NetName=NetS19_C2_1 Pin=S19_D2-2
Added Pin To Net: NetName=NetS19_C2_1 Pin=S19_D3-1
Added Net: Name=NetS19_C2_1
Added Pin To Net: NetName=NetS20_C1_1 Pin=S20_C1-1
Added Pin To Net: NetName=NetS20_C1_1 Pin=S20_C2-2
Added Pin To Net: NetName=NetS20_C1_1 Pin=S20_D1-2
Added Pin To Net: NetName=NetS20_C1_1 Pin=S20_D2-1
Added Net: Name=NetS20_C1_1
Added Pin To Net: NetName=NetS20_C2_1 Pin=S20_C2-1
Added Pin To Net: NetName=NetS20_C2_1 Pin=S20_D2-2
Added Pin To Net: NetName=NetS20_C2_1 Pin=S20_D3-1
Added Net: Name=NetS20_C2_1
Added Pin To Net: NetName=NetS21_C1_1 Pin=S21_C1-1
Added Pin To Net: NetName=NetS21_C1_1 Pin=S21_C2-2
Added Pin To Net: NetName=NetS21_C1_1 Pin=S21_D1-2
Added Pin To Net: NetName=NetS21_C1_1 Pin=S21_D2-1
Added Net: Name=NetS21_C1_1
Added Pin To Net: NetName=NetS21_C2_1 Pin=S21_C2-1
Added Pin To Net: NetName=NetS21_C2_1 Pin=S21_D2-2
Added Pin To Net: NetName=NetS21_C2_1 Pin=S21_D3-1
Added Net: Name=NetS21_C2_1
Added Pin To Net: NetName=POSITIVE Pin=P2-1
Added Pin To Net: NetName=POSITIVE Pin=P2-1
Added Pin To Net: NetName=POSITIVE Pin=S1_D3-2
Added Pin To Net: NetName=POSITIVE Pin=S1_D3-2
Added Pin To Net: NetName=POSITIVE Pin=S2_D3-2
Added Pin To Net: NetName=POSITIVE Pin=S2_D3-2
Added Pin To Net: NetName=POSITIVE Pin=S3_D3-2
Added Pin To Net: NetName=POSITIVE Pin=S3_D3-2
Added Pin To Net: NetName=POSITIVE Pin=S4_D3-2
Added Pin To Net: NetName=POSITIVE Pin=S4_D3-2
Added Pin To Net: NetName=POSITIVE Pin=S5_D3-2
Added Pin To Net: NetName=POSITIVE Pin=S5_D3-2
Added Pin To Net: NetName=POSITIVE Pin=S6_D3-2
Added Pin To Net: NetName=POSITIVE Pin=S6_D3-2
Added Pin To Net: NetName=POSITIVE Pin=S7_D3-2
Added Pin To Net: NetName=POSITIVE Pin=S7_D3-2
Added Pin To Net: NetName=POSITIVE Pin=S8_D3-2
Added Pin To Net: NetName=POSITIVE Pin=S8_D3-2
Added Pin To Net: NetName=POSITIVE Pin=S9_D3-2
Added Pin To Net: NetName=POSITIVE Pin=S9_D3-2
Added Pin To Net: NetName=POSITIVE Pin=S10_D3-2
Added Pin To Net: NetName=POSITIVE Pin=S10_D3-2
Added Pin To Net: NetName=POSITIVE Pin=S11_D3-2
Added Pin To Net: NetName=POSITIVE Pin=S11_D3-2
Added Pin To Net: NetName=POSITIVE Pin=S12_D3-2
Added Pin To Net: NetName=POSITIVE Pin=S12_D3-2
Added Pin To Net: NetName=POSITIVE Pin=S13_D3-2
Added Pin To Net: NetName=POSITIVE Pin=S13_D3-2
Added Pin To Net: NetName=POSITIVE Pin=S14_D3-2
Added Pin To Net: NetName=POSITIVE Pin=S14_D3-2
Added Pin To Net: NetName=POSITIVE Pin=S15_D3-2
Added Pin To Net: NetName=POSITIVE Pin=S15_D3-2
Added Pin To Net: NetName=POSITIVE Pin=S16_D3-2
Added Pin To Net: NetName=POSITIVE Pin=S16_D3-2
Added Pin To Net: NetName=POSITIVE Pin=S17_D3-2
Added Pin To Net: NetName=POSITIVE Pin=S17_D3-2
Added Pin To Net: NetName=POSITIVE Pin=S18_D3-2
Added Pin To Net: NetName=POSITIVE Pin=S18_D3-2
Added Pin To Net: NetName=POSITIVE Pin=S19_D3-2
Added Pin To Net: NetName=POSITIVE Pin=S19_D3-2
Added Pin To Net: NetName=POSITIVE Pin=S20_D3-2
Added Pin To Net: NetName=POSITIVE Pin=S20_D3-2
Added Pin To Net: NetName=POSITIVE Pin=S21_D3-2
Added Pin To Net: NetName=POSITIVE Pin=S21_D3-2
Added Net: Name=POSITIVE
Added Class: Name=SolarPanel1
Added Class: Name=SolarPanelWithLongSide
Added Room: Name=SolarPanel1
Added Room: Name=SolarPanelWithLongSide
