Added Component: Designator=D1(SMB)
Added Component: Designator=D2(SMB)
Added Component: Designator=D3(SMB)
Added Component: Designator=D4(SMB)
Added Component: Designator=D5(SMB)
Added Component: Designator=D6(SMB)
Added Component: Designator=D7(SMB)
Added Component: Designator=D8(SMB)
Added Component: Designator=D9(SMB)
Added Component: Designator=D10(SMB)
Added Component: Designator=D11(SMB)
Added Component: Designator=D12(SMB)
Added Component: Designator=D13(SMB)
Added Component: Designator=D14(SMB)
Added Component: Designator=D15(SMB)
Added Component: Designator=D16(SMB)
Added Component: Designator=D17(SMB)
Added Component: Designator=D18(SMB)
Added Component: Designator=D19(SMB)
Added Component: Designator=D20(SMB)
Added Component: Designator=D21(SMB)
Added Component: Designator=D22(SMB)
Added Component: Designator=D23(SMB)
Added Component: Designator=D24(SMB)
Added Component: Designator=D25(SMB)
Added Component: Designator=D26(SMB)
Added Component: Designator=D27(SMB)
Added Component: Designator=D28(SMB)
Added Component: Designator=D29(SMB)
Added Component: Designator=D30(SMB)
Added Component: Designator=D31(SMB)
Added Component: Designator=D32(SMB)
Added Component: Designator=D33(SMB)
Added Component: Designator=D34(SMB)
Added Component: Designator=D35(SMB)
Added Component: Designator=D36(SMB)
Added Component: Designator=P2(HDR1X2)
Added Component: Designator=S1(PCBComponent_1)
Added Component: Designator=S2(PCBComponent_1)
Added Component: Designator=S3(PCBComponent_1)
Added Component: Designator=S4(PCBComponent_1)
Added Component: Designator=S5(PCBComponent_1)
Added Component: Designator=S6(PCBComponent_1)
Added Component: Designator=S7(PCBComponent_1)
Added Component: Designator=S8(PCBComponent_1)
Added Component: Designator=S9(PCBComponent_1)
Added Component: Designator=S10(PCBComponent_1)
Added Component: Designator=S11(PCBComponent_1)
Added Component: Designator=S12(PCBComponent_1)
Added Component: Designator=S13(PCBComponent_1)
Added Component: Designator=S14(PCBComponent_1)
Added Component: Designator=S15(PCBComponent_1)
Added Component: Designator=S16(PCBComponent_1)
Added Component: Designator=S17(PCBComponent_1)
Added Component: Designator=S18(PCBComponent_1)
Added Component: Designator=S19(PCBComponent_1)
Added Component: Designator=S20(PCBComponent_1)
Added Component: Designator=S21(PCBComponent_1)
Added Component: Designator=S22(PCBComponent_1)
Added Component: Designator=S23(PCBComponent_1)
Added Component: Designator=S24(PCBComponent_1)
Added Pin To Net: NetName=GND Pin=D2-1
Added Pin To Net: NetName=GND Pin=D4-1
Added Pin To Net: NetName=GND Pin=D6-1
Added Pin To Net: NetName=GND Pin=D8-1
Added Pin To Net: NetName=GND Pin=D10-1
Added Pin To Net: NetName=GND Pin=D12-1
Added Pin To Net: NetName=GND Pin=D14-1
Added Pin To Net: NetName=GND Pin=D16-1
Added Pin To Net: NetName=GND Pin=D18-1
Added Pin To Net: NetName=GND Pin=D20-1
Added Pin To Net: NetName=GND Pin=D22-1
Added Pin To Net: NetName=GND Pin=D24-1
Added Pin To Net: NetName=GND Pin=P2-2
Added Net: Name=GND
Added Pin To Net: NetName=NetD1_1 Pin=D1-1
Added Pin To Net: NetName=NetD1_1 Pin=D2-2
Added Pin To Net: NetName=NetD1_1 Pin=S2-1
Added Net: Name=NetD1_1
Added Pin To Net: NetName=NetD1_2 Pin=D1-2
Added Pin To Net: NetName=NetD1_2 Pin=D25-1
Added Pin To Net: NetName=NetD1_2 Pin=S1-1
Added Net: Name=NetD1_2
Added Pin To Net: NetName=NetD3_1 Pin=D3-1
Added Pin To Net: NetName=NetD3_1 Pin=D4-2
Added Pin To Net: NetName=NetD3_1 Pin=S4-1
Added Net: Name=NetD3_1
Added Pin To Net: NetName=NetD3_2 Pin=D3-2
Added Pin To Net: NetName=NetD3_2 Pin=D26-1
Added Pin To Net: NetName=NetD3_2 Pin=S3-1
Added Net: Name=NetD3_2
Added Pin To Net: NetName=NetD5_1 Pin=D5-1
Added Pin To Net: NetName=NetD5_1 Pin=D6-2
Added Pin To Net: NetName=NetD5_1 Pin=S6-1
Added Net: Name=NetD5_1
Added Pin To Net: NetName=NetD5_2 Pin=D5-2
Added Pin To Net: NetName=NetD5_2 Pin=D27-1
Added Pin To Net: NetName=NetD5_2 Pin=S5-1
Added Net: Name=NetD5_2
Added Pin To Net: NetName=NetD7_1 Pin=D7-1
Added Pin To Net: NetName=NetD7_1 Pin=D8-2
Added Pin To Net: NetName=NetD7_1 Pin=S8-1
Added Net: Name=NetD7_1
Added Pin To Net: NetName=NetD7_2 Pin=D7-2
Added Pin To Net: NetName=NetD7_2 Pin=D28-1
Added Pin To Net: NetName=NetD7_2 Pin=S7-1
Added Net: Name=NetD7_2
Added Pin To Net: NetName=NetD9_1 Pin=D9-1
Added Pin To Net: NetName=NetD9_1 Pin=D10-2
Added Pin To Net: NetName=NetD9_1 Pin=S10-1
Added Net: Name=NetD9_1
Added Pin To Net: NetName=NetD9_2 Pin=D9-2
Added Pin To Net: NetName=NetD9_2 Pin=D29-1
Added Pin To Net: NetName=NetD9_2 Pin=S9-1
Added Net: Name=NetD9_2
Added Pin To Net: NetName=NetD11_1 Pin=D11-1
Added Pin To Net: NetName=NetD11_1 Pin=D12-2
Added Pin To Net: NetName=NetD11_1 Pin=S12-1
Added Net: Name=NetD11_1
Added Pin To Net: NetName=NetD11_2 Pin=D11-2
Added Pin To Net: NetName=NetD11_2 Pin=D30-1
Added Pin To Net: NetName=NetD11_2 Pin=S11-1
Added Net: Name=NetD11_2
Added Pin To Net: NetName=NetD13_1 Pin=D13-1
Added Pin To Net: NetName=NetD13_1 Pin=D14-2
Added Pin To Net: NetName=NetD13_1 Pin=S14-1
Added Net: Name=NetD13_1
Added Pin To Net: NetName=NetD13_2 Pin=D13-2
Added Pin To Net: NetName=NetD13_2 Pin=D31-1
Added Pin To Net: NetName=NetD13_2 Pin=S13-1
Added Net: Name=NetD13_2
Added Pin To Net: NetName=NetD15_1 Pin=D15-1
Added Pin To Net: NetName=NetD15_1 Pin=D16-2
Added Pin To Net: NetName=NetD15_1 Pin=S16-1
Added Net: Name=NetD15_1
Added Pin To Net: NetName=NetD15_2 Pin=D15-2
Added Pin To Net: NetName=NetD15_2 Pin=D32-1
Added Pin To Net: NetName=NetD15_2 Pin=S15-1
Added Net: Name=NetD15_2
Added Pin To Net: NetName=NetD17_1 Pin=D17-1
Added Pin To Net: NetName=NetD17_1 Pin=D18-2
Added Pin To Net: NetName=NetD17_1 Pin=S18-1
Added Net: Name=NetD17_1
Added Pin To Net: NetName=NetD17_2 Pin=D17-2
Added Pin To Net: NetName=NetD17_2 Pin=D33-1
Added Pin To Net: NetName=NetD17_2 Pin=S17-1
Added Net: Name=NetD17_2
Added Pin To Net: NetName=NetD19_1 Pin=D19-1
Added Pin To Net: NetName=NetD19_1 Pin=D20-2
Added Pin To Net: NetName=NetD19_1 Pin=S20-1
Added Net: Name=NetD19_1
Added Pin To Net: NetName=NetD19_2 Pin=D19-2
Added Pin To Net: NetName=NetD19_2 Pin=D34-1
Added Pin To Net: NetName=NetD19_2 Pin=S19-1
Added Net: Name=NetD19_2
Added Pin To Net: NetName=NetD21_1 Pin=D21-1
Added Pin To Net: NetName=NetD21_1 Pin=D22-2
Added Pin To Net: NetName=NetD21_1 Pin=S22-1
Added Net: Name=NetD21_1
Added Pin To Net: NetName=NetD21_2 Pin=D21-2
Added Pin To Net: NetName=NetD21_2 Pin=D35-1
Added Pin To Net: NetName=NetD21_2 Pin=S21-1
Added Net: Name=NetD21_2
Added Pin To Net: NetName=NetD23_1 Pin=D23-1
Added Pin To Net: NetName=NetD23_1 Pin=D24-2
Added Pin To Net: NetName=NetD23_1 Pin=S24-1
Added Net: Name=NetD23_1
Added Pin To Net: NetName=NetD23_2 Pin=D23-2
Added Pin To Net: NetName=NetD23_2 Pin=D36-1
Added Pin To Net: NetName=NetD23_2 Pin=S23-1
Added Net: Name=NetD23_2
Added Pin To Net: NetName=POSITIVE Pin=D25-2
Added Pin To Net: NetName=POSITIVE Pin=D26-2
Added Pin To Net: NetName=POSITIVE Pin=D27-2
Added Pin To Net: NetName=POSITIVE Pin=D28-2
Added Pin To Net: NetName=POSITIVE Pin=D29-2
Added Pin To Net: NetName=POSITIVE Pin=D30-2
Added Pin To Net: NetName=POSITIVE Pin=D31-2
Added Pin To Net: NetName=POSITIVE Pin=D32-2
Added Pin To Net: NetName=POSITIVE Pin=D33-2
Added Pin To Net: NetName=POSITIVE Pin=D34-2
Added Pin To Net: NetName=POSITIVE Pin=D35-2
Added Pin To Net: NetName=POSITIVE Pin=D36-2
Added Pin To Net: NetName=POSITIVE Pin=P2-1
Added Net: Name=POSITIVE
Added Class: Name=SolarPanel1
Added Room: Name=SolarPanel1
