Removed Pin From Net: NetName=POSITIVE Pin=P2-1
Removed Pin From Net: NetName=GND Pin=P2-2
Removed Pin From Net: NetName=GND Pin=S1_C1-2
Removed Pin From Net: NetName=GND Pin=S1_D1-1
Removed Pin From Net: NetName=POSITIVE Pin=S1_D3-2
Removed Pin From Net: NetName=GND Pin=S2_C1-2
Removed Pin From Net: NetName=GND Pin=S2_D1-1
Removed Pin From Net: NetName=POSITIVE Pin=S2_D3-2
Removed Pin From Net: NetName=GND Pin=S3_C1-2
Removed Pin From Net: NetName=GND Pin=S3_D1-1
Removed Pin From Net: NetName=POSITIVE Pin=S3_D3-2
Removed Pin From Net: NetName=GND Pin=S4_C1-2
Removed Pin From Net: NetName=GND Pin=S4_D1-1
Removed Pin From Net: NetName=POSITIVE Pin=S4_D3-2
Removed Pin From Net: NetName=GND Pin=S5_C1-2
Removed Pin From Net: NetName=GND Pin=S5_D1-1
Removed Pin From Net: NetName=POSITIVE Pin=S5_D3-2
Removed Pin From Net: NetName=GND Pin=S6_C1-2
Removed Pin From Net: NetName=GND Pin=S6_D1-1
Removed Pin From Net: NetName=POSITIVE Pin=S6_D3-2
Removed Pin From Net: NetName=GND Pin=S7_C1-2
Removed Pin From Net: NetName=GND Pin=S7_D1-1
Removed Pin From Net: NetName=POSITIVE Pin=S7_D3-2
Removed Pin From Net: NetName=GND Pin=S8_C1-2
Removed Pin From Net: NetName=GND Pin=S8_D1-1
Removed Pin From Net: NetName=POSITIVE Pin=S8_D3-2
Removed Pin From Net: NetName=GND Pin=S9_C1-2
Removed Pin From Net: NetName=GND Pin=S9_D1-1
Removed Pin From Net: NetName=POSITIVE Pin=S9_D3-2
Removed Pin From Net: NetName=GND Pin=S10_C1-2
Removed Pin From Net: NetName=GND Pin=S10_D1-1
Removed Pin From Net: NetName=POSITIVE Pin=S10_D3-2
Removed Pin From Net: NetName=GND Pin=S11_C1-2
Removed Pin From Net: NetName=GND Pin=S11_D1-1
Removed Pin From Net: NetName=POSITIVE Pin=S11_D3-2
Removed Pin From Net: NetName=GND Pin=S12_C1-2
Removed Pin From Net: NetName=GND Pin=S12_D1-1
Removed Pin From Net: NetName=POSITIVE Pin=S12_D3-2
Removed Pin From Net: NetName=GND Pin=S13_C1-2
Removed Pin From Net: NetName=GND Pin=S13_D1-1
Removed Pin From Net: NetName=POSITIVE Pin=S13_D3-2
Removed Pin From Net: NetName=GND Pin=S14_C1-2
Removed Pin From Net: NetName=GND Pin=S14_D1-1
Removed Pin From Net: NetName=POSITIVE Pin=S14_D3-2
Removed Pin From Net: NetName=GND Pin=S15_C1-2
Removed Pin From Net: NetName=GND Pin=S15_D1-1
Removed Pin From Net: NetName=POSITIVE Pin=S15_D3-2
Removed Pin From Net: NetName=GND Pin=S16_C1-2
Removed Pin From Net: NetName=GND Pin=S16_D1-1
Removed Pin From Net: NetName=POSITIVE Pin=S16_D3-2
Removed Pin From Net: NetName=GND Pin=S17_C1-2
Removed Pin From Net: NetName=GND Pin=S17_D1-1
Removed Pin From Net: NetName=POSITIVE Pin=S17_D3-2
Removed Pin From Net: NetName=GND Pin=S18_C1-2
Removed Pin From Net: NetName=GND Pin=S18_D1-1
Removed Pin From Net: NetName=POSITIVE Pin=S18_D3-2
Removed Pin From Net: NetName=GND Pin=S19_C1-2
Removed Pin From Net: NetName=GND Pin=S19_D1-1
Removed Pin From Net: NetName=POSITIVE Pin=S19_D3-2
Removed Pin From Net: NetName=GND Pin=S20_C1-2
Removed Pin From Net: NetName=GND Pin=S20_D1-1
Removed Pin From Net: NetName=POSITIVE Pin=S20_D3-2
Removed Pin From Net: NetName=GND Pin=S21_C1-2
Removed Pin From Net: NetName=GND Pin=S21_D1-1
Removed Pin From Net: NetName=POSITIVE Pin=S21_D3-2
